2016-08-08 18:04:44.789+0000 INFO  Starting...
2016-08-08 18:04:46.049+0000 INFO  Bolt enabled on localhost:7472.
2016-08-08 18:04:47.749+0000 INFO  Started.
2016-08-08 18:04:48.417+0000 INFO  Remote interface available at http://localhost:7474/
2016-08-08 21:11:44.307+0000 INFO  Neo4j Server shutdown initiated by request
2016-08-08 21:11:44.319+0000 INFO  Stopping...
2016-08-08 21:11:44.337+0000 INFO  Stopped.
2016-08-09 18:51:08.101+0000 INFO  Starting...
2016-08-09 18:51:08.898+0000 INFO  Bolt enabled on localhost:7472.
2016-08-09 18:51:10.086+0000 ERROR Failed to start Neo4j: Starting Neo4j failed: Component 'org.neo4j.server.database.LifecycleManagingDatabase@5c38abac' was successfully initialized, but failed to start. Please see attached cause exception. Starting Neo4j failed: Component 'org.neo4j.server.database.LifecycleManagingDatabase@5c38abac' was successfully initialized, but failed to start. Please see attached cause exception.
org.neo4j.server.ServerStartupException: Starting Neo4j failed: Component 'org.neo4j.server.database.LifecycleManagingDatabase@5c38abac' was successfully initialized, but failed to start. Please see attached cause exception.
	at org.neo4j.server.exception.ServerStartupErrors.translateToServerStartupError(ServerStartupErrors.java:68)
	at org.neo4j.server.AbstractNeoServer.start(AbstractNeoServer.java:217)
	at org.neo4j.server.ServerBootstrapper.start(ServerBootstrapper.java:90)
	at org.neo4j.server.ServerBootstrapper.start(ServerBootstrapper.java:67)
	at org.neo4j.server.CommunityEntryPoint.main(CommunityEntryPoint.java:28)
Caused by: org.neo4j.kernel.lifecycle.LifecycleException: Component 'org.neo4j.server.database.LifecycleManagingDatabase@5c38abac' was successfully initialized, but failed to start. Please see attached cause exception.
	at org.neo4j.kernel.lifecycle.LifeSupport$LifecycleInstance.start(LifeSupport.java:444)
	at org.neo4j.kernel.lifecycle.LifeSupport.start(LifeSupport.java:107)
	at org.neo4j.server.AbstractNeoServer.start(AbstractNeoServer.java:189)
	... 3 more
Caused by: java.lang.RuntimeException: Error starting org.neo4j.kernel.impl.factory.CommunityFacadeFactory, /Users/william.brinkert/Desktop/Code/asset_portal/db/neo4j/development/data/databases/graph.db
	at org.neo4j.kernel.impl.factory.GraphDatabaseFacadeFactory.newFacade(GraphDatabaseFacadeFactory.java:144)
	at org.neo4j.kernel.impl.factory.CommunityFacadeFactory.newFacade(CommunityFacadeFactory.java:40)
	at org.neo4j.kernel.impl.factory.GraphDatabaseFacadeFactory.newFacade(GraphDatabaseFacadeFactory.java:108)
	at org.neo4j.server.CommunityNeoServer.lambda$static$0(CommunityNeoServer.java:55)
	at org.neo4j.server.database.LifecycleManagingDatabase.start(LifecycleManagingDatabase.java:89)
	at org.neo4j.kernel.lifecycle.LifeSupport$LifecycleInstance.start(LifeSupport.java:434)
	... 5 more
Caused by: org.neo4j.kernel.lifecycle.LifecycleException: Component 'org.neo4j.bolt.transport.NettyServer@4204bfbd' was successfully initialized, but failed to start. Please see attached cause exception.
	at org.neo4j.kernel.lifecycle.LifeSupport$LifecycleInstance.start(LifeSupport.java:444)
	at org.neo4j.kernel.lifecycle.LifeSupport.start(LifeSupport.java:107)
	at org.neo4j.kernel.lifecycle.LifeSupport$LifecycleInstance.start(LifeSupport.java:434)
	at org.neo4j.kernel.lifecycle.LifeSupport.start(LifeSupport.java:107)
	at org.neo4j.kernel.extension.KernelExtensions.start(KernelExtensions.java:86)
	at org.neo4j.kernel.lifecycle.LifeSupport$LifecycleInstance.start(LifeSupport.java:434)
	at org.neo4j.kernel.lifecycle.LifeSupport.start(LifeSupport.java:107)
	at org.neo4j.kernel.impl.factory.GraphDatabaseFacadeFactory.newFacade(GraphDatabaseFacadeFactory.java:140)
	... 10 more
Caused by: org.neo4j.helpers.PortBindException: Address localhost:7472 is already in use, cannot bind to it.
	at sun.nio.ch.Net.bind0(Native Method)
	at sun.nio.ch.Net.bind(Net.java:433)
	at sun.nio.ch.Net.bind(Net.java:425)
	at sun.nio.ch.ServerSocketChannelImpl.bind(ServerSocketChannelImpl.java:223)
	at sun.nio.ch.ServerSocketAdaptor.bind(ServerSocketAdaptor.java:74)
	at io.netty.channel.socket.nio.NioServerSocketChannel.doBind(NioServerSocketChannel.java:125)
	at io.netty.channel.AbstractChannel$AbstractUnsafe.bind(AbstractChannel.java:485)
	at io.netty.channel.DefaultChannelPipeline$HeadContext.bind(DefaultChannelPipeline.java:1089)
	at io.netty.channel.AbstractChannelHandlerContext.invokeBind(AbstractChannelHandlerContext.java:430)
	at io.netty.channel.AbstractChannelHandlerContext.bind(AbstractChannelHandlerContext.java:415)
	at io.netty.channel.DefaultChannelPipeline.bind(DefaultChannelPipeline.java:903)
	at io.netty.channel.AbstractChannel.bind(AbstractChannel.java:198)
	at io.netty.bootstrap.AbstractBootstrap$2.run(AbstractBootstrap.java:348)
	at io.netty.util.concurrent.SingleThreadEventExecutor.runAllTasks(SingleThreadEventExecutor.java:357)
	at io.netty.channel.nio.NioEventLoop.run(NioEventLoop.java:357)
	at io.netty.util.concurrent.SingleThreadEventExecutor$2.run(SingleThreadEventExecutor.java:111)
	at java.lang.Thread.run(Thread.java:745)
2016-08-09 18:54:10.951+0000 INFO  Starting...
2016-08-09 18:54:11.902+0000 INFO  Bolt enabled on localhost:7472.
2016-08-09 18:54:13.817+0000 INFO  Started.
2016-08-09 18:54:14.499+0000 INFO  Remote interface available at http://localhost:7474/
2016-08-09 23:57:43.749+0000 INFO  Neo4j Server shutdown initiated by request
2016-08-09 23:57:43.759+0000 INFO  Stopping...
2016-08-09 23:57:43.776+0000 INFO  Stopped.
